<?xml version="1.0" encoding="UTF-8"?>
<!-- Generated by org.testng.reporters.JUnitReportReporter -->
<testsuite skipped="0" hostname="pop-os" name="com.testNG.demo.TestAnnotationTest" tests="3" failures="0" timestamp="14 Jun 2019 18:50:47 GMT" time="0.031" errors="0">
  <testcase name="zTestMethod" time="0.007" classname="com.testNG.demo.TestAnnotationTest"/>
  <testcase name="aTestMethod" time="0.018" classname="com.testNG.demo.TestAnnotationTest"/>
  <testcase name="bTestMethod" time="0.006" classname="com.testNG.demo.TestAnnotationTest"/>
</testsuite> <!-- com.testNG.demo.TestAnnotationTest -->
