<?xml version="1.0" encoding="UTF-8"?>
<!-- Generated by org.testng.reporters.JUnitReportReporter -->
<testsuite skipped="0" hostname="pop-os" name="com.testNG.demo.ConfigClass" tests="2" failures="0" timestamp="14 Jun 2019 18:28:40 GMT" time="0.011" errors="0">
  <testcase name="searchforproducts" time="0.002" classname="com.testNG.demo.ConfigClass"/>
  <testcase name="searchforAdmin" time="0.009" classname="com.testNG.demo.ConfigClass"/>
</testsuite> <!-- com.testNG.demo.ConfigClass -->
